<?xml version="1.0" encoding="UTF-8"?>
<!-- Generated by org.testng.reporters.JUnitReportReporter -->
<testsuite hostname="DESKTOP-CSD1VKH" failures="0" tests="1" name="NeoStoxTest.NeoStexValidateUserNameTest" time="30.099" errors="0" timestamp="2022-12-09T09:06:44 IST" skipped="0">
  <testcase classname="NeoStoxTest.NeoStexValidateUserNameTest" name="validateUserName" time="30.099"/>
  <system-out>
    <![CDATA[Scroll to Element
Get UserNameHi Pramila Chopra
Entered value is : Username
User Name value is matched
Take ScreeenShot
Test Case  validateUserName Passed Successfully]]>
  </system-out>
</testsuite> <!-- NeoStoxTest.NeoStexValidateUserNameTest -->
